 [Wed Jun 04 14:47:46 CST 2014] 
 0:0:0:0:0:0:0:1%0
localhost:9999
/a.php

 [Wed Jun 04 14:55:00 CST 2014] 
 0:0:0:0:0:0:0:1%0
localhost:9999
/a.php

 [Wed Jun 04 14:56:53 CST 2014] 
 0:0:0:0:0:0:0:1%0
localhost:9999
/a.php

 [Wed Jun 04 14:56:53 CST 2014] 
 0:0:0:0:0:0:0:1%0
localhost:9999
/b.php

 [Wed Jun 04 14:56:53 CST 2014] 
 0:0:0:0:0:0:0:1%0
localhost:9999
/favicon.ico

 [Wed Jun 04 14:57:08 CST 2014] 
 0:0:0:0:0:0:0:1%0
localhost:9999
/index.html

 [Wed Jun 04 14:57:08 CST 2014] 
 0:0:0:0:0:0:0:1%0
localhost:9999
/favicon.ico

 [Wed Jun 04 14:57:09 CST 2014] 
 0:0:0:0:0:0:0:1%0
localhost:9999
/index.html

 [Wed Jun 04 14:57:09 CST 2014] 
 0:0:0:0:0:0:0:1%0
localhost:9999
/favicon.ico

 [Wed Jun 04 14:57:10 CST 2014] 
 0:0:0:0:0:0:0:1%0
localhost:9999
/index.html

 [Wed Jun 04 14:57:10 CST 2014] 
 0:0:0:0:0:0:0:1%0
localhost:9999
/favicon.ico

 [Wed Jun 04 14:57:14 CST 2014] 
 0:0:0:0:0:0:0:1%0
localhost:9999
/index.php

 [Wed Jun 04 14:57:14 CST 2014] 
 0:0:0:0:0:0:0:1%0
localhost:9999
/favicon.ico

 [Wed Jun 04 14:57:21 CST 2014] 
 0:0:0:0:0:0:0:1%0
localhost:9999
/test.php

 [Wed Jun 04 14:57:22 CST 2014] 
 0:0:0:0:0:0:0:1%0
localhost:9999
/favicon.ico

 [Wed Jun 04 14:57:24 CST 2014] 
 0:0:0:0:0:0:0:1%0
localhost:9999
/test.php

 [Wed Jun 04 14:57:24 CST 2014] 
 0:0:0:0:0:0:0:1%0
localhost:9999
/favicon.ico

 [Wed Jun 04 14:57:24 CST 2014] 
 0:0:0:0:0:0:0:1%0
localhost:9999
/test.php

 [Wed Jun 04 14:57:24 CST 2014] 
 0:0:0:0:0:0:0:1%0
localhost:9999
/favicon.ico

 [Wed Jun 04 14:57:25 CST 2014] 
 0:0:0:0:0:0:0:1%0
localhost:9999
/test.php

 [Wed Jun 04 14:57:25 CST 2014] 
 0:0:0:0:0:0:0:1%0
localhost:9999
/favicon.ico

 [Wed Jun 04 14:57:25 CST 2014] 
 0:0:0:0:0:0:0:1%0
localhost:9999
/test.php

 [Wed Jun 04 14:57:25 CST 2014] 
 0:0:0:0:0:0:0:1%0
localhost:9999
/favicon.ico

 [Wed Jun 04 14:57:25 CST 2014] 
 0:0:0:0:0:0:0:1%0
localhost:9999
/test.php

 [Wed Jun 04 14:57:25 CST 2014] 
 0:0:0:0:0:0:0:1%0
localhost:9999
/favicon.ico

 [Wed Jun 04 14:57:51 CST 2014] 
 0:0:0:0:0:0:0:1%0
localhost:9998
/test.php

 [Wed Jun 04 14:57:51 CST 2014] 
 0:0:0:0:0:0:0:1%0
localhost:9998
/favicon.ico

 [Wed Jun 04 14:57:53 CST 2014] 
 0:0:0:0:0:0:0:1%0
localhost:9998
/test.php

 [Wed Jun 04 14:57:53 CST 2014] 
 0:0:0:0:0:0:0:1%0
localhost:9998
/favicon.ico

 [Wed Jun 04 14:57:53 CST 2014] 
 0:0:0:0:0:0:0:1%0
localhost:9998
/test.php

 [Wed Jun 04 14:57:53 CST 2014] 
 0:0:0:0:0:0:0:1%0
localhost:9998
/favicon.ico

 [Wed Jun 04 15:01:29 CST 2014] 
 0:0:0:0:0:0:0:1%0
localhost:9998
/view/index.html.php

 [Wed Jun 04 15:01:29 CST 2014] 
 0:0:0:0:0:0:0:1%0
localhost:9998
/view/login.html.php

 [Wed Jun 04 15:01:29 CST 2014] 
 0:0:0:0:0:0:0:1%0
localhost:9998
/res/img/c.jpeg

 [Wed Jun 04 15:01:30 CST 2014] 
 0:0:0:0:0:0:0:1%0
localhost:9998
/res/img/c.jpeg

 [Wed Jun 04 15:01:30 CST 2014] 
 0:0:0:0:0:0:0:1%0
localhost:9998
/favicon.ico

 [Wed Jun 04 15:01:32 CST 2014] 
 0:0:0:0:0:0:0:1%0
localhost:9998
/view/login.html.php

 [Wed Jun 04 15:01:32 CST 2014] 
 0:0:0:0:0:0:0:1%0
localhost:9998
/res/img/c.jpeg

 [Wed Jun 04 15:01:32 CST 2014] 
 0:0:0:0:0:0:0:1%0
localhost:9998
/res/img/c.jpeg

 [Wed Jun 04 15:01:32 CST 2014] 
 0:0:0:0:0:0:0:1%0
localhost:9998
/favicon.ico

 [Wed Jun 04 15:01:33 CST 2014] 
 0:0:0:0:0:0:0:1%0
localhost:9998
/view/login.html.php

 [Wed Jun 04 15:01:33 CST 2014] 
 0:0:0:0:0:0:0:1%0
localhost:9998
/res/img/c.jpeg

 [Wed Jun 04 15:01:33 CST 2014] 
 0:0:0:0:0:0:0:1%0
localhost:9998
/res/img/c.jpeg

 [Wed Jun 04 15:01:33 CST 2014] 
 0:0:0:0:0:0:0:1%0
localhost:9998
/favicon.ico

 [Wed Jun 04 15:01:35 CST 2014] 
 0:0:0:0:0:0:0:1%0
localhost:9998
/view/login.html.php

 [Wed Jun 04 15:01:35 CST 2014] 
 0:0:0:0:0:0:0:1%0
localhost:9998
/res/img/c.jpeg

 [Wed Jun 04 15:01:35 CST 2014] 
 0:0:0:0:0:0:0:1%0
localhost:9998
/res/img/c.jpeg

 [Wed Jun 04 15:01:35 CST 2014] 
 0:0:0:0:0:0:0:1%0
localhost:9998
/favicon.ico

 [Wed Jun 04 15:01:59 CST 2014] 
 0:0:0:0:0:0:0:1%0
localhost:9998
/handler/login.php

 [Wed Jun 04 15:01:59 CST 2014] 
 0:0:0:0:0:0:0:1%0
localhost:9998
/favicon.ico

 [Wed Jun 04 15:02:08 CST 2014] 
 0:0:0:0:0:0:0:1%0
localhost:9998
/favicon.ico

 [Wed Jun 04 15:15:23 CST 2014] 
 0:0:0:0:0:0:0:1%0
localhost:9998
/view/login.html.php

 [Wed Jun 04 15:15:23 CST 2014] 
 0:0:0:0:0:0:0:1%0
localhost:9998
/res/img/c.jpeg

 [Wed Jun 04 15:15:24 CST 2014] 
 0:0:0:0:0:0:0:1%0
localhost:9998
/res/img/c.jpeg

 [Wed Jun 04 15:15:24 CST 2014] 
 0:0:0:0:0:0:0:1%0
localhost:9998
/favicon.ico

 [Wed Jun 04 15:15:43 CST 2014] 
 0:0:0:0:0:0:0:1%0
localhost:9998
/handler/login.php

 [Wed Jun 04 15:15:43 CST 2014] 
 0:0:0:0:0:0:0:1%0
localhost:9998
/view/index.html.php

 [Wed Jun 04 15:15:44 CST 2014] 
 0:0:0:0:0:0:0:1%0
localhost:9998
/res/img/c.jpeg

 [Wed Jun 04 15:16:05 CST 2014] 
 0:0:0:0:0:0:0:1%0
localhost:9998
/res/img/c.jpeg

 [Wed Jun 04 15:16:05 CST 2014] 
 0:0:0:0:0:0:0:1%0
localhost:9998
/favicon.ico

 [Wed Jun 04 15:16:13 CST 2014] 
 0:0:0:0:0:0:0:1%0
localhost:9998
/view/index.html.php

 [Wed Jun 04 15:16:13 CST 2014] 
 0:0:0:0:0:0:0:1%0
localhost:9998
/res/img/c.jpeg

 [Wed Jun 04 15:16:13 CST 2014] 
 0:0:0:0:0:0:0:1%0
localhost:9998
/res/img/c.jpeg

 [Wed Jun 04 15:16:18 CST 2014] 
 0:0:0:0:0:0:0:1%0
localhost:9998
/favicon.ico

 [Wed Jun 04 15:17:47 CST 2014] 
 0:0:0:0:0:0:0:1%0
localhost:9998
/handler/logout.php

 [Wed Jun 04 15:17:47 CST 2014] 
 0:0:0:0:0:0:0:1%0
localhost:9998
/view/login.html.php

 [Wed Jun 04 15:17:47 CST 2014] 
 0:0:0:0:0:0:0:1%0
localhost:9998
/res/img/c.jpeg

 [Wed Jun 04 15:17:47 CST 2014] 
 0:0:0:0:0:0:0:1%0
localhost:9998
/res/img/c.jpeg

 [Wed Jun 04 15:17:47 CST 2014] 
 0:0:0:0:0:0:0:1%0
localhost:9998
/favicon.ico

 [Wed Jun 04 15:17:50 CST 2014] 
 0:0:0:0:0:0:0:1%0
localhost:9998
/view/login.html.php

 [Wed Jun 04 15:17:50 CST 2014] 
 0:0:0:0:0:0:0:1%0
localhost:9998
/res/img/c.jpeg

 [Wed Jun 04 15:17:50 CST 2014] 
 0:0:0:0:0:0:0:1%0
localhost:9998
/res/img/c.jpeg

 [Wed Jun 04 15:17:50 CST 2014] 
 0:0:0:0:0:0:0:1%0
localhost:9998
/favicon.ico

 [Wed Jun 04 15:17:53 CST 2014] 
 0:0:0:0:0:0:0:1%0
localhost:9998
/handler/login.php

 [Wed Jun 04 15:17:53 CST 2014] 
 0:0:0:0:0:0:0:1%0
localhost:9998
/view/index.html.php

 [Wed Jun 04 15:17:53 CST 2014] 
 0:0:0:0:0:0:0:1%0
localhost:9998
/res/img/c.jpeg

 [Wed Jun 04 15:17:53 CST 2014] 
 0:0:0:0:0:0:0:1%0
localhost:9998
/res/img/c.jpeg

 [Wed Jun 04 15:17:53 CST 2014] 
 0:0:0:0:0:0:0:1%0
localhost:9998
/favicon.ico

 [Wed Jun 04 15:17:58 CST 2014] 
 0:0:0:0:0:0:0:1%0
localhost:9998
/handler/logout.php

 [Wed Jun 04 15:17:58 CST 2014] 
 0:0:0:0:0:0:0:1%0
localhost:9998
/view/login.html.php

 [Wed Jun 04 15:17:58 CST 2014] 
 0:0:0:0:0:0:0:1%0
localhost:9998
/res/img/c.jpeg

 [Wed Jun 04 15:17:58 CST 2014] 
 0:0:0:0:0:0:0:1%0
localhost:9998
/res/img/c.jpeg

 [Wed Jun 04 15:17:58 CST 2014] 
 0:0:0:0:0:0:0:1%0
localhost:9998
/favicon.ico

 [Wed Jun 04 15:18:11 CST 2014] 
 0:0:0:0:0:0:0:1%0
localhost:9998
/view/login.html.php

 [Wed Jun 04 15:18:11 CST 2014] 
 0:0:0:0:0:0:0:1%0
localhost:9998
/res/img/c.jpeg

 [Wed Jun 04 15:18:11 CST 2014] 
 0:0:0:0:0:0:0:1%0
localhost:9998
/res/img/c.jpeg

 [Wed Jun 04 15:18:11 CST 2014] 
 0:0:0:0:0:0:0:1%0
localhost:9998
/favicon.ico

 [Wed Jun 04 15:18:12 CST 2014] 
 0:0:0:0:0:0:0:1%0
localhost:9998
/res/img/c.jpeg

 [Wed Jun 04 15:19:23 CST 2014] 
 0:0:0:0:0:0:0:1%0
localhost:9998
/handler/login.php

 [Wed Jun 04 15:19:23 CST 2014] 
 0:0:0:0:0:0:0:1%0
localhost:9998
/view/index.html.php

 [Wed Jun 04 15:19:23 CST 2014] 
 0:0:0:0:0:0:0:1%0
localhost:9998
/res/img/c.jpeg

 [Wed Jun 04 15:19:24 CST 2014] 
 0:0:0:0:0:0:0:1%0
localhost:9998
/res/img/c.jpeg

 [Wed Jun 04 15:19:24 CST 2014] 
 0:0:0:0:0:0:0:1%0
localhost:9998
/favicon.ico

 [Wed Jun 04 15:19:27 CST 2014] 
 0:0:0:0:0:0:0:1%0
localhost:9998
/view/testresult.html.php

 [Wed Jun 04 15:19:28 CST 2014] 
 0:0:0:0:0:0:0:1%0
localhost:9998
/res/img/c.jpeg

 [Wed Jun 04 15:19:28 CST 2014] 
 0:0:0:0:0:0:0:1%0
localhost:9998
/res/img/c.jpeg

 [Wed Jun 04 15:19:28 CST 2014] 
 0:0:0:0:0:0:0:1%0
localhost:9998
/favicon.ico

 [Wed Jun 04 15:19:31 CST 2014] 
 0:0:0:0:0:0:0:1%0
localhost:9998
/view/testresult.html.php

 [Wed Jun 04 15:19:31 CST 2014] 
 0:0:0:0:0:0:0:1%0
localhost:9998
/res/img/c.jpeg

 [Wed Jun 04 15:19:31 CST 2014] 
 0:0:0:0:0:0:0:1%0
localhost:9998
/res/img/c.jpeg

 [Wed Jun 04 15:19:31 CST 2014] 
 0:0:0:0:0:0:0:1%0
localhost:9998
/favicon.ico

 [Wed Jun 04 15:19:36 CST 2014] 
 0:0:0:0:0:0:0:1%0
localhost:9998
/view/index.html.php

 [Wed Jun 04 15:19:36 CST 2014] 
 0:0:0:0:0:0:0:1%0
localhost:9998
/res/img/c.jpeg

 [Wed Jun 04 15:19:36 CST 2014] 
 0:0:0:0:0:0:0:1%0
localhost:9998
/res/img/c.jpeg

 [Wed Jun 04 15:19:36 CST 2014] 
 0:0:0:0:0:0:0:1%0
localhost:9998
/favicon.ico

 [Wed Jun 04 15:19:39 CST 2014] 
 0:0:0:0:0:0:0:1%0
localhost:9998
/view/test.html.php

 [Wed Jun 04 15:19:39 CST 2014] 
 0:0:0:0:0:0:0:1%0
localhost:9998
/res/img/c.jpeg

 [Wed Jun 04 15:19:39 CST 2014] 
 0:0:0:0:0:0:0:1%0
localhost:9998
/res/img/c.jpeg

 [Wed Jun 04 15:19:39 CST 2014] 
 0:0:0:0:0:0:0:1%0
localhost:9998
/favicon.ico

 [Wed Jun 04 15:19:43 CST 2014] 
 0:0:0:0:0:0:0:1%0
localhost:9998
/view/test.html.php

 [Wed Jun 04 15:19:43 CST 2014] 
 0:0:0:0:0:0:0:1%0
localhost:9998
/res/img/c.jpeg

 [Wed Jun 04 15:19:43 CST 2014] 
 0:0:0:0:0:0:0:1%0
localhost:9998
/res/img/c.jpeg

 [Wed Jun 04 15:19:43 CST 2014] 
 0:0:0:0:0:0:0:1%0
localhost:9998
/favicon.ico

 [Wed Jun 04 15:19:44 CST 2014] 
 0:0:0:0:0:0:0:1%0
localhost:9998
/view/test.html.php

 [Wed Jun 04 15:19:44 CST 2014] 
 0:0:0:0:0:0:0:1%0
localhost:9998
/res/img/c.jpeg

 [Wed Jun 04 15:19:44 CST 2014] 
 0:0:0:0:0:0:0:1%0
localhost:9998
/res/img/c.jpeg

 [Wed Jun 04 15:19:44 CST 2014] 
 0:0:0:0:0:0:0:1%0
localhost:9998
/favicon.ico

 [Wed Jun 04 15:19:45 CST 2014] 
 0:0:0:0:0:0:0:1%0
localhost:9998
/view/test.html.php

 [Wed Jun 04 15:19:45 CST 2014] 
 0:0:0:0:0:0:0:1%0
localhost:9998
/res/img/c.jpeg

 [Wed Jun 04 15:19:45 CST 2014] 
 0:0:0:0:0:0:0:1%0
localhost:9998
/res/img/c.jpeg

 [Wed Jun 04 15:19:45 CST 2014] 
 0:0:0:0:0:0:0:1%0
localhost:9998
/favicon.ico

 [Wed Jun 04 15:19:46 CST 2014] 
 0:0:0:0:0:0:0:1%0
localhost:9998
/view/test.html.php

 [Wed Jun 04 15:19:46 CST 2014] 
 0:0:0:0:0:0:0:1%0
localhost:9998
/res/img/c.jpeg

 [Wed Jun 04 15:19:46 CST 2014] 
 0:0:0:0:0:0:0:1%0
localhost:9998
/res/img/c.jpeg

 [Wed Jun 04 15:19:46 CST 2014] 
 0:0:0:0:0:0:0:1%0
localhost:9998
/favicon.ico

 [Wed Jun 04 15:19:48 CST 2014] 
 0:0:0:0:0:0:0:1%0
localhost:9998
/view/index.html.php

 [Wed Jun 04 15:19:48 CST 2014] 
 0:0:0:0:0:0:0:1%0
localhost:9998
/res/img/c.jpeg

 [Wed Jun 04 15:19:48 CST 2014] 
 0:0:0:0:0:0:0:1%0
localhost:9998
/res/img/c.jpeg

 [Wed Jun 04 15:19:48 CST 2014] 
 0:0:0:0:0:0:0:1%0
localhost:9998
/favicon.ico

 [Wed Jun 04 15:19:51 CST 2014] 
 0:0:0:0:0:0:0:1%0
localhost:9998
/handler/logout.php

 [Wed Jun 04 15:19:51 CST 2014] 
 0:0:0:0:0:0:0:1%0
localhost:9998
/view/login.html.php

 [Wed Jun 04 15:19:51 CST 2014] 
 0:0:0:0:0:0:0:1%0
localhost:9998
/res/img/c.jpeg

 [Wed Jun 04 15:19:51 CST 2014] 
 0:0:0:0:0:0:0:1%0
localhost:9998
/res/img/c.jpeg

 [Wed Jun 04 15:19:51 CST 2014] 
 0:0:0:0:0:0:0:1%0
localhost:9998
/favicon.ico

 [Wed Jun 04 15:19:53 CST 2014] 
 0:0:0:0:0:0:0:1%0
localhost:9998
/view/login.html.php

 [Wed Jun 04 15:19:53 CST 2014] 
 0:0:0:0:0:0:0:1%0
localhost:9998
/res/img/c.jpeg

 [Wed Jun 04 15:19:53 CST 2014] 
 0:0:0:0:0:0:0:1%0
localhost:9998
/res/img/c.jpeg

 [Wed Jun 04 15:19:53 CST 2014] 
 0:0:0:0:0:0:0:1%0
localhost:9998
/favicon.ico

 [Wed Jun 04 15:19:53 CST 2014] 
 0:0:0:0:0:0:0:1%0
localhost:9998
/view/login.html.php

 [Wed Jun 04 15:19:53 CST 2014] 
 0:0:0:0:0:0:0:1%0
localhost:9998
/res/img/c.jpeg

 [Wed Jun 04 15:19:53 CST 2014] 
 0:0:0:0:0:0:0:1%0
localhost:9998
/res/img/c.jpeg

 [Wed Jun 04 15:19:53 CST 2014] 
 0:0:0:0:0:0:0:1%0
localhost:9998
/favicon.ico

 [Wed Jun 04 16:09:08 CST 2014] 
 0:0:0:0:0:0:0:1%0
localhost:9998
/handler/login.php

 [Wed Jun 04 16:09:09 CST 2014] 
 0:0:0:0:0:0:0:1%0
localhost:9998
/view/index.html.php

 [Wed Jun 04 16:09:09 CST 2014] 
 0:0:0:0:0:0:0:1%0
localhost:9998
/res/img/c.jpeg

 [Wed Jun 04 16:09:09 CST 2014] 
 0:0:0:0:0:0:0:1%0
localhost:9998
/favicon.ico

 [Wed Jun 04 16:09:29 CST 2014] 
 0:0:0:0:0:0:0:1%0
localhost:9998
/res/img/c.jpeg

 [Wed Jun 04 16:09:44 CST 2014] 
 0:0:0:0:0:0:0:1%0
localhost:9998
/handler/logout.php

 [Wed Jun 04 16:09:44 CST 2014] 
 0:0:0:0:0:0:0:1%0
localhost:9998
/view/login.html.php

 [Wed Jun 04 16:09:44 CST 2014] 
 0:0:0:0:0:0:0:1%0
localhost:9998
/res/img/c.jpeg

 [Wed Jun 04 16:09:45 CST 2014] 
 0:0:0:0:0:0:0:1%0
localhost:9998
/res/img/c.jpeg

 [Wed Jun 04 16:09:45 CST 2014] 
 0:0:0:0:0:0:0:1%0
localhost:9998
/favicon.ico

 [Wed Jun 04 16:11:14 CST 2014] 
 0:0:0:0:0:0:0:1%0
localhost:9999
/a.php

 [Wed Jun 04 16:11:14 CST 2014] 
 0:0:0:0:0:0:0:1%0
localhost:9999
/b.php

 [Wed Jun 04 16:11:14 CST 2014] 
 0:0:0:0:0:0:0:1%0
localhost:9999
/favicon.ico

 [Wed Jun 04 16:11:20 CST 2014] 
 0:0:0:0:0:0:0:1%0
localhost:9999
/b.php

 [Wed Jun 04 16:11:20 CST 2014] 
 0:0:0:0:0:0:0:1%0
localhost:9999
/favicon.ico

 [Wed Jun 04 17:08:58 CST 2014] 
 0:0:0:0:0:0:0:1%0
localhost:9998
/handler/login.php

 [Wed Jun 04 17:08:58 CST 2014] 
 0:0:0:0:0:0:0:1%0
localhost:9998
/view/index.html.php

 [Wed Jun 04 17:08:58 CST 2014] 
 0:0:0:0:0:0:0:1%0
localhost:9998
/res/img/c.jpeg

 [Wed Jun 04 17:08:58 CST 2014] 
 0:0:0:0:0:0:0:1%0
localhost:9998
/res/img/c.jpeg

 [Wed Jun 04 17:08:58 CST 2014] 
 0:0:0:0:0:0:0:1%0
localhost:9998
/res/img/c.jpeg

 [Wed Jun 04 17:08:59 CST 2014] 
 0:0:0:0:0:0:0:1%0
localhost:9998
/favicon.ico

 [Wed Jun 04 17:08:59 CST 2014] 
 0:0:0:0:0:0:0:1%0
localhost:9998
/res/img/c.jpeg

 [Wed Jun 04 21:27:45 CST 2014] 
 0:0:0:0:0:0:0:1%0
localhost:9999
/a.php

 [Wed Jun 04 21:27:45 CST 2014] 
 0:0:0:0:0:0:0:1%0
localhost:9999
/b.php

 [Wed Jun 04 21:27:45 CST 2014] 
 0:0:0:0:0:0:0:1%0
localhost:9999
/favicon.ico

 [Thu Jun 05 10:08:50 CST 2014] 
 0:0:0:0:0:0:0:1%0
localhost:9999
/a.php

 [Thu Jun 05 10:08:50 CST 2014] 
 0:0:0:0:0:0:0:1%0
localhost:9999
/b.php

 [Thu Jun 05 10:08:51 CST 2014] 
 0:0:0:0:0:0:0:1%0
localhost:9999
/favicon.ico

 [Thu Jun 05 10:21:13 CST 2014] 
 0:0:0:0:0:0:0:1%0
localhost:9999
/b.php

 [Thu Jun 05 10:21:13 CST 2014] 
 0:0:0:0:0:0:0:1%0
localhost:9999
/favicon.ico

 [Thu Jun 05 10:21:14 CST 2014] 
 0:0:0:0:0:0:0:1%0
localhost:9999
/b.php

 [Thu Jun 05 10:21:14 CST 2014] 
 0:0:0:0:0:0:0:1%0
localhost:9999
/favicon.ico

 [Thu Jun 05 10:21:18 CST 2014] 
 0:0:0:0:0:0:0:1%0
localhost:9998
/view/index.html.php

 [Thu Jun 05 10:21:18 CST 2014] 
 0:0:0:0:0:0:0:1%0
localhost:9998
/favicon.ico

 [Thu Jun 05 10:21:22 CST 2014] 
 0:0:0:0:0:0:0:1%0
localhost:9998
/view/index.html.php

 [Thu Jun 05 10:21:22 CST 2014] 
 0:0:0:0:0:0:0:1%0
localhost:9998
/favicon.ico

 [Thu Jun 05 10:21:23 CST 2014] 
 0:0:0:0:0:0:0:1%0
localhost:9998
/view/index.html.php

 [Thu Jun 05 10:21:23 CST 2014] 
 0:0:0:0:0:0:0:1%0
localhost:9998
/favicon.ico

 [Thu Jun 05 10:21:24 CST 2014] 
 0:0:0:0:0:0:0:1%0
localhost:9998
/view/index.html.php

 [Thu Jun 05 10:21:24 CST 2014] 
 0:0:0:0:0:0:0:1%0
localhost:9998
/favicon.ico

 [Thu Jun 05 10:21:36 CST 2014] 
 0:0:0:0:0:0:0:1%0
localhost:9998
/favicon.ico

 [Thu Jun 05 10:21:38 CST 2014] 
 0:0:0:0:0:0:0:1%0
localhost:9998
/handler/login.php

 [Thu Jun 05 10:21:38 CST 2014] 
 0:0:0:0:0:0:0:1%0
localhost:9998
/favicon.ico

 [Thu Jun 05 10:21:39 CST 2014] 
 0:0:0:0:0:0:0:1%0
localhost:9998
/view/login.html.php

 [Thu Jun 05 10:21:39 CST 2014] 
 0:0:0:0:0:0:0:1%0
localhost:9998
/res/img/c.jpeg

 [Thu Jun 05 10:21:40 CST 2014] 
 0:0:0:0:0:0:0:1%0
localhost:9998
/res/img/c.jpeg

 [Thu Jun 05 10:21:40 CST 2014] 
 0:0:0:0:0:0:0:1%0
localhost:9998
/favicon.ico

 [Thu Jun 05 10:21:42 CST 2014] 
 0:0:0:0:0:0:0:1%0
localhost:9998
/handler/login.php

 [Thu Jun 05 10:21:43 CST 2014] 
 0:0:0:0:0:0:0:1%0
localhost:9998
/favicon.ico

 [Thu Jun 05 10:21:44 CST 2014] 
 0:0:0:0:0:0:0:1%0
localhost:9998
/view/login.html.php

 [Thu Jun 05 10:21:44 CST 2014] 
 0:0:0:0:0:0:0:1%0
localhost:9998
/res/img/c.jpeg

 [Thu Jun 05 10:21:44 CST 2014] 
 0:0:0:0:0:0:0:1%0
localhost:9998
/res/img/c.jpeg

 [Thu Jun 05 10:21:44 CST 2014] 
 0:0:0:0:0:0:0:1%0
localhost:9998
/favicon.ico

 [Thu Jun 05 10:21:46 CST 2014] 
 0:0:0:0:0:0:0:1%0
localhost:9998
/handler/login.php

 [Thu Jun 05 10:21:46 CST 2014] 
 0:0:0:0:0:0:0:1%0
localhost:9998
/favicon.ico

 [Thu Jun 05 10:21:48 CST 2014] 
 0:0:0:0:0:0:0:1%0
localhost:9998
/view/login.html.php

 [Thu Jun 05 10:21:48 CST 2014] 
 0:0:0:0:0:0:0:1%0
localhost:9998
/res/img/c.jpeg

 [Thu Jun 05 10:21:48 CST 2014] 
 0:0:0:0:0:0:0:1%0
localhost:9998
/res/img/c.jpeg

 [Thu Jun 05 10:21:48 CST 2014] 
 0:0:0:0:0:0:0:1%0
localhost:9998
/favicon.ico

 [Thu Jun 05 10:21:52 CST 2014] 
 0:0:0:0:0:0:0:1%0
localhost:9998
/favicon.ico

 [Thu Jun 05 10:21:59 CST 2014] 
 0:0:0:0:0:0:0:1%0
localhost:9998
/handler/login.php

 [Thu Jun 05 10:21:59 CST 2014] 
 0:0:0:0:0:0:0:1%0
localhost:9998
/view/index.html.php

 [Thu Jun 05 10:21:59 CST 2014] 
 0:0:0:0:0:0:0:1%0
localhost:9998
/res/img/c.jpeg

 [Thu Jun 05 10:21:59 CST 2014] 
 0:0:0:0:0:0:0:1%0
localhost:9998
/res/img/c.jpeg

 [Thu Jun 05 10:21:59 CST 2014] 
 0:0:0:0:0:0:0:1%0
localhost:9998
/favicon.ico

 [Thu Jun 05 10:22:01 CST 2014] 
 0:0:0:0:0:0:0:1%0
localhost:9998
/view/index.html.php

 [Thu Jun 05 10:22:01 CST 2014] 
 0:0:0:0:0:0:0:1%0
localhost:9998
/res/img/c.jpeg

 [Thu Jun 05 10:22:01 CST 2014] 
 0:0:0:0:0:0:0:1%0
localhost:9998
/res/img/c.jpeg

 [Thu Jun 05 10:22:01 CST 2014] 
 0:0:0:0:0:0:0:1%0
localhost:9998
/favicon.ico

 [Thu Jun 05 11:31:35 CST 2014] 
 0:0:0:0:0:0:0:1%0
localhost:9999
/b.php

 [Thu Jun 05 11:31:35 CST 2014] 
 0:0:0:0:0:0:0:1%0
localhost:9999
/favicon.ico

 [Thu Jun 05 12:40:21 CST 2014] 
 0:0:0:0:0:0:0:1%0
localhost:9999
/b.php

 [Thu Jun 05 12:40:21 CST 2014] 
 0:0:0:0:0:0:0:1%0
localhost:9999
/favicon.ico

 [Thu Jun 05 12:40:22 CST 2014] 
 0:0:0:0:0:0:0:1%0
localhost:9999
/b.php

 [Thu Jun 05 12:40:22 CST 2014] 
 0:0:0:0:0:0:0:1%0
localhost:9999
/favicon.ico

 [Thu Jun 05 12:40:23 CST 2014] 
 0:0:0:0:0:0:0:1%0
localhost:9999
/b.php

 [Thu Jun 05 12:40:23 CST 2014] 
 0:0:0:0:0:0:0:1%0
localhost:9999
/favicon.ico

 [Thu Jun 05 12:40:24 CST 2014] 
 0:0:0:0:0:0:0:1%0
localhost:9999
/b.php

 [Thu Jun 05 12:40:24 CST 2014] 
 0:0:0:0:0:0:0:1%0
localhost:9999
/favicon.ico

 [Thu Jun 05 13:26:10 CST 2014] 
 0:0:0:0:0:0:0:1%0
localhost:9999
/b.php

 [Thu Jun 05 13:26:10 CST 2014] 
 0:0:0:0:0:0:0:1%0
localhost:9999
/favicon.ico

